This file contains any messages produced by compilers while
running configure, to aid debugging if configure makes a mistake.

It was created by libmemleak configure 0.1.1, which was
generated by GNU Autoconf 2.69.  Invocation command line was

  $ ./configure 

## --------- ##
## Platform. ##
## --------- ##

hostname = ATLENG019
uname -m = x86_64
uname -r = 4.18.0-15-generic
uname -s = Linux
uname -v = #16-Ubuntu SMP Thu Feb 7 10:56:39 UTC 2019

/usr/bin/uname -p = unknown
/bin/uname -X     = unknown

/bin/arch              = unknown
/usr/bin/arch -k       = unknown
/usr/convex/getsysinfo = unknown
/usr/bin/hostinfo      = unknown
/bin/machine           = unknown
/usr/bin/oslevel       = unknown
/bin/universe          = unknown

PATH: /home/mozgul/.cargo/bin
PATH: /home/mozgul/.sdkman/candidates/groovy/current/bin
PATH: /home/mozgul/bin
PATH: /home/mozgul/.local/bin
PATH: /usr/local/sbin
PATH: /usr/local/bin
PATH: /usr/sbin
PATH: /usr/bin
PATH: /sbin
PATH: /bin
PATH: /usr/games
PATH: /usr/local/games
PATH: /snap/bin
PATH: /usr/local/go/bin
PATH: /home/mozgul/go/bin
PATH: /home/mozgul/.gem/ruby/2.5.0/bin


## ----------- ##
## Core tests. ##
## ----------- ##

configure:2363: checking for a BSD-compatible install
configure:2431: result: /usr/bin/install -c
configure:2442: checking whether build environment is sane
configure:2497: result: yes
configure:2648: checking for a thread-safe mkdir -p
configure:2687: result: /bin/mkdir -p
configure:2694: checking for gawk
configure:2710: found /usr/bin/gawk
configure:2721: result: gawk
configure:2732: checking whether make sets $(MAKE)
configure:2754: result: yes
configure:2783: checking whether make supports nested variables
configure:2800: result: yes
configure:2939: checking whether to enable maintainer-specific portions of Makefiles
configure:2948: result: no
configure:2966: checking whether make supports the include directive
configure:2981: make -f confmf.GNU && cat confinc.out
this is the am__doit target
configure:2984: $? = 0
configure:3003: result: yes (GNU style)
configure:3073: checking for gcc
configure:3089: found /usr/bin/gcc
configure:3100: result: gcc
configure:3329: checking for C compiler version
configure:3338: gcc --version >&5
gcc (Ubuntu 4.9.4-2ubuntu1) 4.9.4
Copyright (C) 2015 Free Software Foundation, Inc.
This is free software; see the source for copying conditions.  There is NO
warranty; not even for MERCHANTABILITY or FITNESS FOR A PARTICULAR PURPOSE.

configure:3349: $? = 0
configure:3338: gcc -v >&5
Using built-in specs.
COLLECT_GCC=gcc
COLLECT_LTO_WRAPPER=/usr/lib/gcc/x86_64-linux-gnu/4.9/lto-wrapper
Target: x86_64-linux-gnu
Configured with: ../src/configure -v --with-pkgversion='Ubuntu 4.9.4-2ubuntu1' --with-bugurl=file:///usr/share/doc/gcc-4.9/README.Bugs --enable-languages=c,c++,java,go,d,fortran,objc,obj-c++ --prefix=/usr --program-suffix=-4.9 --enable-shared --enable-linker-build-id --libexecdir=/usr/lib --without-included-gettext --enable-threads=posix --with-gxx-include-dir=/usr/include/c++/4.9 --libdir=/usr/lib --enable-nls --with-sysroot=/ --enable-clocale=gnu --enable-libstdcxx-debug --enable-libstdcxx-time=yes --enable-gnu-unique-object --disable-vtable-verify --enable-plugin --with-system-zlib --disable-browser-plugin --enable-java-awt=gtk --enable-gtk-cairo --with-java-home=/usr/lib/jvm/java-1.5.0-gcj-4.9-amd64/jre --enable-java-home --with-jvm-root-dir=/usr/lib/jvm/java-1.5.0-gcj-4.9-amd64 --with-jvm-jar-dir=/usr/lib/jvm-exports/java-1.5.0-gcj-4.9-amd64 --with-arch-directory=amd64 --with-ecj-jar=/usr/share/java/eclipse-ecj.jar --enable-objc-gc --enable-multiarch --disable-werror --with-arch-32=i686 --with-abi=m64 --with-multilib-list=m32,m64,mx32 --enable-multilib --with-tune=generic --enable-checking=release --build=x86_64-linux-gnu --host=x86_64-linux-gnu --target=x86_64-linux-gnu
Thread model: posix
gcc version 4.9.4 (Ubuntu 4.9.4-2ubuntu1) 
configure:3349: $? = 0
configure:3338: gcc -V >&5
gcc: error: unrecognized command line option '-V'
gcc: fatal error: no input files
compilation terminated.
configure:3349: $? = 4
configure:3338: gcc -qversion >&5
gcc: error: unrecognized command line option '-qversion'
gcc: fatal error: no input files
compilation terminated.
configure:3349: $? = 4
configure:3369: checking whether the C compiler works
configure:3391: gcc    conftest.c  >&5
configure:3395: $? = 0
configure:3443: result: yes
configure:3446: checking for C compiler default output file name
configure:3448: result: a.out
configure:3454: checking for suffix of executables
configure:3461: gcc -o conftest    conftest.c  >&5
configure:3465: $? = 0
configure:3487: result: 
configure:3509: checking whether we are cross compiling
configure:3517: gcc -o conftest    conftest.c  >&5
configure:3521: $? = 0
configure:3528: ./conftest
configure:3532: $? = 0
configure:3547: result: no
configure:3552: checking for suffix of object files
configure:3574: gcc -c   conftest.c >&5
configure:3578: $? = 0
configure:3599: result: o
configure:3603: checking whether we are using the GNU C compiler
configure:3622: gcc -c   conftest.c >&5
configure:3622: $? = 0
configure:3631: result: yes
configure:3640: checking whether gcc accepts -g
configure:3660: gcc -c -g  conftest.c >&5
configure:3660: $? = 0
configure:3701: result: yes
configure:3718: checking for gcc option to accept ISO C89
configure:3781: gcc  -c -g -O2  conftest.c >&5
configure:3781: $? = 0
configure:3794: result: none needed
configure:3819: checking whether gcc understands -c and -o together
configure:3841: gcc -c conftest.c -o conftest2.o
configure:3844: $? = 0
configure:3841: gcc -c conftest.c -o conftest2.o
configure:3844: $? = 0
configure:3856: result: yes
configure:3875: checking dependency style of gcc
configure:3986: result: gcc3
configure:4001: checking for gcc option to accept ISO C99
configure:4150: gcc  -c -g -O2  conftest.c >&5
conftest.c:61:29: error: expected ';', ',' or ')' before 'text'
 test_restrict (ccp restrict text)
                             ^
conftest.c: In function 'main':
conftest.c:115:18: error: expected '=', ',', ';', 'asm' or '__attribute__' before 'newvar'
   char *restrict newvar = "Another string";
                  ^
conftest.c:115:18: error: 'newvar' undeclared (first use in this function)
conftest.c:115:18: note: each undeclared identifier is reported only once for each function it appears in
conftest.c:125:3: error: 'for' loop initial declarations are only allowed in C99 or C11 mode
   for (int i = 0; i < ia->datasize; ++i)
   ^
conftest.c:125:3: note: use option -std=c99, -std=gnu99, -std=c11 or -std=gnu11 to compile your code
configure:4150: $? = 1
configure: failed program was:
| /* confdefs.h */
| #define PACKAGE_NAME "libmemleak"
| #define PACKAGE_TARNAME "libmemleak"
| #define PACKAGE_VERSION "0.1.1"
| #define PACKAGE_STRING "libmemleak 0.1.1"
| #define PACKAGE_BUGREPORT "carlo@alinoe.com"
| #define PACKAGE_URL ""
| #define PACKAGE "libmemleak"
| #define VERSION "0.1.1"
| /* end confdefs.h.  */
| #include <stdarg.h>
| #include <stdbool.h>
| #include <stdlib.h>
| #include <wchar.h>
| #include <stdio.h>
| 
| // Check varargs macros.  These examples are taken from C99 6.10.3.5.
| #define debug(...) fprintf (stderr, __VA_ARGS__)
| #define showlist(...) puts (#__VA_ARGS__)
| #define report(test,...) ((test) ? puts (#test) : printf (__VA_ARGS__))
| static void
| test_varargs_macros (void)
| {
|   int x = 1234;
|   int y = 5678;
|   debug ("Flag");
|   debug ("X = %d\n", x);
|   showlist (The first, second, and third items.);
|   report (x>y, "x is %d but y is %d", x, y);
| }
| 
| // Check long long types.
| #define BIG64 18446744073709551615ull
| #define BIG32 4294967295ul
| #define BIG_OK (BIG64 / BIG32 == 4294967297ull && BIG64 % BIG32 == 0)
| #if !BIG_OK
|   your preprocessor is broken;
| #endif
| #if BIG_OK
| #else
|   your preprocessor is broken;
| #endif
| static long long int bignum = -9223372036854775807LL;
| static unsigned long long int ubignum = BIG64;
| 
| struct incomplete_array
| {
|   int datasize;
|   double data[];
| };
| 
| struct named_init {
|   int number;
|   const wchar_t *name;
|   double average;
| };
| 
| typedef const char *ccp;
| 
| static inline int
| test_restrict (ccp restrict text)
| {
|   // See if C++-style comments work.
|   // Iterate through items via the restricted pointer.
|   // Also check for declarations in for loops.
|   for (unsigned int i = 0; *(text+i) != '\0'; ++i)
|     continue;
|   return 0;
| }
| 
| // Check varargs and va_copy.
| static void
| test_varargs (const char *format, ...)
| {
|   va_list args;
|   va_start (args, format);
|   va_list args_copy;
|   va_copy (args_copy, args);
| 
|   const char *str;
|   int number;
|   float fnumber;
| 
|   while (*format)
|     {
|       switch (*format++)
| 	{
| 	case 's': // string
| 	  str = va_arg (args_copy, const char *);
| 	  break;
| 	case 'd': // int
| 	  number = va_arg (args_copy, int);
| 	  break;
| 	case 'f': // float
| 	  fnumber = va_arg (args_copy, double);
| 	  break;
| 	default:
| 	  break;
| 	}
|     }
|   va_end (args_copy);
|   va_end (args);
| }
| 
| int
| main ()
| {
| 
|   // Check bool.
|   _Bool success = false;
| 
|   // Check restrict.
|   if (test_restrict ("String literal") == 0)
|     success = true;
|   char *restrict newvar = "Another string";
| 
|   // Check varargs.
|   test_varargs ("s, d' f .", "string", 65, 34.234);
|   test_varargs_macros ();
| 
|   // Check flexible array members.
|   struct incomplete_array *ia =
|     malloc (sizeof (struct incomplete_array) + (sizeof (double) * 10));
|   ia->datasize = 10;
|   for (int i = 0; i < ia->datasize; ++i)
|     ia->data[i] = i * 1.234;
| 
|   // Check named initializers.
|   struct named_init ni = {
|     .number = 34,
|     .name = L"Test wide string",
|     .average = 543.34343,
|   };
| 
|   ni.number = 58;
| 
|   int dynamic_array[ni.number];
|   dynamic_array[ni.number - 1] = 543;
| 
|   // work around unused variable warnings
|   return (!success || bignum == 0LL || ubignum == 0uLL || newvar[0] == 'x'
| 	  || dynamic_array[ni.number - 1] != 543);
| 
|   ;
|   return 0;
| }
configure:4150: gcc -std=gnu99 -c -g -O2  conftest.c >&5
configure:4150: $? = 0
configure:4170: result: -std=gnu99
configure:4236: checking for g++
configure:4252: found /usr/bin/g++
configure:4263: result: g++
configure:4290: checking for C++ compiler version
configure:4299: g++ --version >&5
g++ (Ubuntu 4.9.4-2ubuntu1) 4.9.4
Copyright (C) 2015 Free Software Foundation, Inc.
This is free software; see the source for copying conditions.  There is NO
warranty; not even for MERCHANTABILITY or FITNESS FOR A PARTICULAR PURPOSE.

configure:4310: $? = 0
configure:4299: g++ -v >&5
Using built-in specs.
COLLECT_GCC=g++
COLLECT_LTO_WRAPPER=/usr/lib/gcc/x86_64-linux-gnu/4.9/lto-wrapper
Target: x86_64-linux-gnu
Configured with: ../src/configure -v --with-pkgversion='Ubuntu 4.9.4-2ubuntu1' --with-bugurl=file:///usr/share/doc/gcc-4.9/README.Bugs --enable-languages=c,c++,java,go,d,fortran,objc,obj-c++ --prefix=/usr --program-suffix=-4.9 --enable-shared --enable-linker-build-id --libexecdir=/usr/lib --without-included-gettext --enable-threads=posix --with-gxx-include-dir=/usr/include/c++/4.9 --libdir=/usr/lib --enable-nls --with-sysroot=/ --enable-clocale=gnu --enable-libstdcxx-debug --enable-libstdcxx-time=yes --enable-gnu-unique-object --disable-vtable-verify --enable-plugin --with-system-zlib --disable-browser-plugin --enable-java-awt=gtk --enable-gtk-cairo --with-java-home=/usr/lib/jvm/java-1.5.0-gcj-4.9-amd64/jre --enable-java-home --with-jvm-root-dir=/usr/lib/jvm/java-1.5.0-gcj-4.9-amd64 --with-jvm-jar-dir=/usr/lib/jvm-exports/java-1.5.0-gcj-4.9-amd64 --with-arch-directory=amd64 --with-ecj-jar=/usr/share/java/eclipse-ecj.jar --enable-objc-gc --enable-multiarch --disable-werror --with-arch-32=i686 --with-abi=m64 --with-multilib-list=m32,m64,mx32 --enable-multilib --with-tune=generic --enable-checking=release --build=x86_64-linux-gnu --host=x86_64-linux-gnu --target=x86_64-linux-gnu
Thread model: posix
gcc version 4.9.4 (Ubuntu 4.9.4-2ubuntu1) 
configure:4310: $? = 0
configure:4299: g++ -V >&5
g++: error: unrecognized command line option '-V'
g++: fatal error: no input files
compilation terminated.
configure:4310: $? = 4
configure:4299: g++ -qversion >&5
g++: error: unrecognized command line option '-qversion'
g++: fatal error: no input files
compilation terminated.
configure:4310: $? = 4
configure:4314: checking whether we are using the GNU C++ compiler
configure:4333: g++ -c   conftest.cpp >&5
configure:4333: $? = 0
configure:4342: result: yes
configure:4351: checking whether g++ accepts -g
configure:4371: g++ -c -g  conftest.cpp >&5
configure:4371: $? = 0
configure:4412: result: yes
configure:4437: checking dependency style of g++
configure:4548: result: gcc3
configure:4568: checking how to run the C++ preprocessor
configure:4595: g++ -E  conftest.cpp
configure:4595: $? = 0
configure:4609: g++ -E  conftest.cpp
conftest.cpp:11:28: fatal error: ac_nonexistent.h: No such file or directory
 #include <ac_nonexistent.h>
                            ^
compilation terminated.
configure:4609: $? = 1
configure: failed program was:
| /* confdefs.h */
| #define PACKAGE_NAME "libmemleak"
| #define PACKAGE_TARNAME "libmemleak"
| #define PACKAGE_VERSION "0.1.1"
| #define PACKAGE_STRING "libmemleak 0.1.1"
| #define PACKAGE_BUGREPORT "carlo@alinoe.com"
| #define PACKAGE_URL ""
| #define PACKAGE "libmemleak"
| #define VERSION "0.1.1"
| /* end confdefs.h.  */
| #include <ac_nonexistent.h>
configure:4634: result: g++ -E
configure:4654: g++ -E  conftest.cpp
configure:4654: $? = 0
configure:4668: g++ -E  conftest.cpp
conftest.cpp:11:28: fatal error: ac_nonexistent.h: No such file or directory
 #include <ac_nonexistent.h>
                            ^
compilation terminated.
configure:4668: $? = 1
configure: failed program was:
| /* confdefs.h */
| #define PACKAGE_NAME "libmemleak"
| #define PACKAGE_TARNAME "libmemleak"
| #define PACKAGE_VERSION "0.1.1"
| #define PACKAGE_STRING "libmemleak 0.1.1"
| #define PACKAGE_BUGREPORT "carlo@alinoe.com"
| #define PACKAGE_URL ""
| #define PACKAGE "libmemleak"
| #define VERSION "0.1.1"
| /* end confdefs.h.  */
| #include <ac_nonexistent.h>
configure:4705: checking build system type
configure:4719: result: x86_64-pc-linux-gnu
configure:4739: checking host system type
configure:4752: result: x86_64-pc-linux-gnu
configure:4779: checking how to run the C preprocessor
configure:4810: gcc -std=gnu99 -E  conftest.c
configure:4810: $? = 0
configure:4824: gcc -std=gnu99 -E  conftest.c
conftest.c:11:28: fatal error: ac_nonexistent.h: No such file or directory
 #include <ac_nonexistent.h>
                            ^
compilation terminated.
configure:4824: $? = 1
configure: failed program was:
| /* confdefs.h */
| #define PACKAGE_NAME "libmemleak"
| #define PACKAGE_TARNAME "libmemleak"
| #define PACKAGE_VERSION "0.1.1"
| #define PACKAGE_STRING "libmemleak 0.1.1"
| #define PACKAGE_BUGREPORT "carlo@alinoe.com"
| #define PACKAGE_URL ""
| #define PACKAGE "libmemleak"
| #define VERSION "0.1.1"
| /* end confdefs.h.  */
| #include <ac_nonexistent.h>
configure:4849: result: gcc -std=gnu99 -E
configure:4869: gcc -std=gnu99 -E  conftest.c
configure:4869: $? = 0
configure:4883: gcc -std=gnu99 -E  conftest.c
conftest.c:11:28: fatal error: ac_nonexistent.h: No such file or directory
 #include <ac_nonexistent.h>
                            ^
compilation terminated.
configure:4883: $? = 1
configure: failed program was:
| /* confdefs.h */
| #define PACKAGE_NAME "libmemleak"
| #define PACKAGE_TARNAME "libmemleak"
| #define PACKAGE_VERSION "0.1.1"
| #define PACKAGE_STRING "libmemleak 0.1.1"
| #define PACKAGE_BUGREPORT "carlo@alinoe.com"
| #define PACKAGE_URL ""
| #define PACKAGE "libmemleak"
| #define VERSION "0.1.1"
| /* end confdefs.h.  */
| #include <ac_nonexistent.h>
configure:4912: checking for grep that handles long lines and -e
configure:4970: result: /bin/grep
configure:4975: checking for egrep
configure:5037: result: /bin/grep -E
configure:5536: checking how to print strings
configure:5563: result: printf
configure:5584: checking for a sed that does not truncate output
configure:5648: result: /bin/sed
configure:5666: checking for fgrep
configure:5728: result: /bin/grep -F
configure:5763: checking for ld used by gcc -std=gnu99
configure:5830: result: /usr/bin/ld
configure:5837: checking if the linker (/usr/bin/ld) is GNU ld
configure:5852: result: yes
configure:5864: checking for BSD- or MS-compatible name lister (nm)
configure:5918: result: /usr/bin/nm -B
configure:6048: checking the name lister (/usr/bin/nm -B) interface
configure:6055: gcc -std=gnu99 -c -g -O2  conftest.c >&5
configure:6058: /usr/bin/nm -B "conftest.o"
configure:6061: output
0000000000000000 B some_variable
configure:6068: result: BSD nm
configure:6071: checking whether ln -s works
configure:6075: result: yes
configure:6083: checking the maximum length of command line arguments
configure:6214: result: 1572864
configure:6262: checking how to convert x86_64-pc-linux-gnu file names to x86_64-pc-linux-gnu format
configure:6302: result: func_convert_file_noop
configure:6309: checking how to convert x86_64-pc-linux-gnu file names to toolchain format
configure:6329: result: func_convert_file_noop
configure:6336: checking for /usr/bin/ld option to reload object files
configure:6343: result: -r
configure:6417: checking for objdump
configure:6433: found /usr/bin/objdump
configure:6444: result: objdump
configure:6476: checking how to recognize dependent libraries
configure:6676: result: pass_all
configure:6761: checking for dlltool
configure:6791: result: no
configure:6821: checking how to associate runtime and link libraries
configure:6848: result: printf %s\n
configure:6908: checking for ar
configure:6924: found /usr/bin/ar
configure:6935: result: ar
configure:6972: checking for archiver @FILE support
configure:6989: gcc -std=gnu99 -c -g -O2  conftest.c >&5
configure:6989: $? = 0
configure:6992: ar cru libconftest.a @conftest.lst >&5
ar: `u' modifier ignored since `D' is the default (see `U')
configure:6995: $? = 0
configure:7000: ar cru libconftest.a @conftest.lst >&5
ar: `u' modifier ignored since `D' is the default (see `U')
ar: conftest.o: No such file or directory
configure:7003: $? = 1
configure:7015: result: @
configure:7073: checking for strip
configure:7089: found /usr/bin/strip
configure:7100: result: strip
configure:7172: checking for ranlib
configure:7188: found /usr/bin/ranlib
configure:7199: result: ranlib
configure:7301: checking command to parse /usr/bin/nm -B output from gcc -std=gnu99 object
configure:7454: gcc -std=gnu99 -c -g -O2  conftest.c >&5
configure:7457: $? = 0
configure:7461: /usr/bin/nm -B conftest.o \| sed -n -e 's/^.*[ ]\([ABCDGIRSTW][ABCDGIRSTW]*\)[ ][ ]*\([_A-Za-z][_A-Za-z0-9]*\)$/\1 \2 \2/p' | sed '/ __gnu_lto/d' \> conftest.nm
configure:7464: $? = 0
configure:7530: gcc -std=gnu99 -o conftest -g -O2   conftest.c conftstm.o >&5
configure:7533: $? = 0
configure:7571: result: ok
configure:7618: checking for sysroot
configure:7648: result: no
configure:7655: checking for a working dd
configure:7693: result: /bin/dd
configure:7697: checking how to truncate binary pipes
configure:7712: result: /bin/dd bs=4096 count=1
configure:7848: gcc -std=gnu99 -c -g -O2  conftest.c >&5
configure:7851: $? = 0
configure:8041: checking for mt
configure:8057: found /bin/mt
configure:8068: result: mt
configure:8091: checking if mt is a manifest tool
configure:8097: mt '-?'
configure:8105: result: no
configure:8777: checking for ANSI C header files
configure:8797: gcc -std=gnu99 -c -g -O2  conftest.c >&5
configure:8797: $? = 0
configure:8870: gcc -std=gnu99 -o conftest -g -O2   conftest.c  >&5
configure:8870: $? = 0
configure:8870: ./conftest
configure:8870: $? = 0
configure:8881: result: yes
configure:8894: checking for sys/types.h
configure:8894: gcc -std=gnu99 -c -g -O2  conftest.c >&5
configure:8894: $? = 0
configure:8894: result: yes
configure:8894: checking for sys/stat.h
configure:8894: gcc -std=gnu99 -c -g -O2  conftest.c >&5
configure:8894: $? = 0
configure:8894: result: yes
configure:8894: checking for stdlib.h
configure:8894: gcc -std=gnu99 -c -g -O2  conftest.c >&5
configure:8894: $? = 0
configure:8894: result: yes
configure:8894: checking for string.h
configure:8894: gcc -std=gnu99 -c -g -O2  conftest.c >&5
configure:8894: $? = 0
configure:8894: result: yes
configure:8894: checking for memory.h
configure:8894: gcc -std=gnu99 -c -g -O2  conftest.c >&5
configure:8894: $? = 0
configure:8894: result: yes
configure:8894: checking for strings.h
configure:8894: gcc -std=gnu99 -c -g -O2  conftest.c >&5
configure:8894: $? = 0
configure:8894: result: yes
configure:8894: checking for inttypes.h
configure:8894: gcc -std=gnu99 -c -g -O2  conftest.c >&5
configure:8894: $? = 0
configure:8894: result: yes
configure:8894: checking for stdint.h
configure:8894: gcc -std=gnu99 -c -g -O2  conftest.c >&5
configure:8894: $? = 0
configure:8894: result: yes
configure:8894: checking for unistd.h
configure:8894: gcc -std=gnu99 -c -g -O2  conftest.c >&5
configure:8894: $? = 0
configure:8894: result: yes
configure:8908: checking for dlfcn.h
configure:8908: gcc -std=gnu99 -c -g -O2  conftest.c >&5
configure:8908: $? = 0
configure:8908: result: yes
configure:9174: checking for objdir
configure:9189: result: .libs
configure:9453: checking if gcc -std=gnu99 supports -fno-rtti -fno-exceptions
configure:9471: gcc -std=gnu99 -c -g -O2  -fno-rtti -fno-exceptions conftest.c >&5
cc1: warning: command line option '-fno-rtti' is valid for C++/ObjC++ but not for C
configure:9475: $? = 0
configure:9488: result: no
configure:9846: checking for gcc -std=gnu99 option to produce PIC
configure:9853: result: -fPIC -DPIC
configure:9861: checking if gcc -std=gnu99 PIC flag -fPIC -DPIC works
configure:9879: gcc -std=gnu99 -c -g -O2  -fPIC -DPIC -DPIC conftest.c >&5
configure:9883: $? = 0
configure:9896: result: yes
configure:9925: checking if gcc -std=gnu99 static flag -static works
configure:9953: result: yes
configure:9968: checking if gcc -std=gnu99 supports -c -o file.o
configure:9989: gcc -std=gnu99 -c -g -O2  -o out/conftest2.o conftest.c >&5
configure:9993: $? = 0
configure:10015: result: yes
configure:10023: checking if gcc -std=gnu99 supports -c -o file.o
configure:10070: result: yes
configure:10103: checking whether the gcc -std=gnu99 linker (/usr/bin/ld -m elf_x86_64) supports shared libraries
configure:11366: result: yes
configure:11403: checking whether -lc should be explicitly linked in
configure:11411: gcc -std=gnu99 -c -g -O2  conftest.c >&5
configure:11414: $? = 0
configure:11429: gcc -std=gnu99 -shared  -fPIC -DPIC conftest.o  -v -Wl,-soname -Wl,conftest -o conftest 2\>\&1 \| /bin/grep  -lc  \>/dev/null 2\>\&1
configure:11432: $? = 0
configure:11446: result: no
configure:11606: checking dynamic linker characteristics
configure:12187: gcc -std=gnu99 -o conftest -g -O2   -Wl,-rpath -Wl,/foo conftest.c  >&5
configure:12187: $? = 0
configure:12436: result: GNU/Linux ld.so
configure:12558: checking how to hardcode library paths into programs
configure:12583: result: immediate
configure:13131: checking whether stripping libraries is possible
configure:13136: result: yes
configure:13171: checking if libtool supports shared libraries
configure:13173: result: yes
configure:13176: checking whether to build shared libraries
configure:13201: result: yes
configure:13204: checking whether to build static libraries
configure:13208: result: yes
configure:13231: checking how to run the C++ preprocessor
configure:13297: result: g++ -E
configure:13317: g++ -E  conftest.cpp
configure:13317: $? = 0
configure:13331: g++ -E  conftest.cpp
conftest.cpp:23:28: fatal error: ac_nonexistent.h: No such file or directory
 #include <ac_nonexistent.h>
                            ^
compilation terminated.
configure:13331: $? = 1
configure: failed program was:
| /* confdefs.h */
| #define PACKAGE_NAME "libmemleak"
| #define PACKAGE_TARNAME "libmemleak"
| #define PACKAGE_VERSION "0.1.1"
| #define PACKAGE_STRING "libmemleak 0.1.1"
| #define PACKAGE_BUGREPORT "carlo@alinoe.com"
| #define PACKAGE_URL ""
| #define PACKAGE "libmemleak"
| #define VERSION "0.1.1"
| #define STDC_HEADERS 1
| #define HAVE_SYS_TYPES_H 1
| #define HAVE_SYS_STAT_H 1
| #define HAVE_STDLIB_H 1
| #define HAVE_STRING_H 1
| #define HAVE_MEMORY_H 1
| #define HAVE_STRINGS_H 1
| #define HAVE_INTTYPES_H 1
| #define HAVE_STDINT_H 1
| #define HAVE_UNISTD_H 1
| #define HAVE_DLFCN_H 1
| #define LT_OBJDIR ".libs/"
| /* end confdefs.h.  */
| #include <ac_nonexistent.h>
configure:13493: checking for ld used by g++
configure:13560: result: /usr/bin/ld -m elf_x86_64
configure:13567: checking if the linker (/usr/bin/ld -m elf_x86_64) is GNU ld
configure:13582: result: yes
configure:13637: checking whether the g++ linker (/usr/bin/ld -m elf_x86_64) supports shared libraries
configure:14710: result: yes
configure:14746: g++ -c -g -O2  conftest.cpp >&5
configure:14749: $? = 0
configure:15230: checking for g++ option to produce PIC
configure:15237: result: -fPIC -DPIC
configure:15245: checking if g++ PIC flag -fPIC -DPIC works
configure:15263: g++ -c -g -O2  -fPIC -DPIC -DPIC conftest.cpp >&5
configure:15267: $? = 0
configure:15280: result: yes
configure:15303: checking if g++ static flag -static works
configure:15331: result: yes
configure:15343: checking if g++ supports -c -o file.o
configure:15364: g++ -c -g -O2  -o out/conftest2.o conftest.cpp >&5
configure:15368: $? = 0
configure:15390: result: yes
configure:15395: checking if g++ supports -c -o file.o
configure:15442: result: yes
configure:15472: checking whether the g++ linker (/usr/bin/ld -m elf_x86_64) supports shared libraries
configure:15515: result: yes
configure:15656: checking dynamic linker characteristics
configure:16413: result: GNU/Linux ld.so
configure:16478: checking how to hardcode library paths into programs
configure:16503: result: immediate
configure:16595: checking for dot
configure:16613: found /usr/bin/dot
configure:16625: result: /usr/bin/dot
configure:16660: checking for bfd_init in -lbfd
configure:16685: gcc -std=gnu99 -o conftest -g -O2   conftest.c -lbfd   >&5
/usr/bin/ld: cannot find -lbfd
collect2: error: ld returned 1 exit status
configure:16685: $? = 1
configure: failed program was:
| /* confdefs.h */
| #define PACKAGE_NAME "libmemleak"
| #define PACKAGE_TARNAME "libmemleak"
| #define PACKAGE_VERSION "0.1.1"
| #define PACKAGE_STRING "libmemleak 0.1.1"
| #define PACKAGE_BUGREPORT "carlo@alinoe.com"
| #define PACKAGE_URL ""
| #define PACKAGE "libmemleak"
| #define VERSION "0.1.1"
| #define STDC_HEADERS 1
| #define HAVE_SYS_TYPES_H 1
| #define HAVE_SYS_STAT_H 1
| #define HAVE_STDLIB_H 1
| #define HAVE_STRING_H 1
| #define HAVE_MEMORY_H 1
| #define HAVE_STRINGS_H 1
| #define HAVE_INTTYPES_H 1
| #define HAVE_STDINT_H 1
| #define HAVE_UNISTD_H 1
| #define HAVE_DLFCN_H 1
| #define LT_OBJDIR ".libs/"
| /* end confdefs.h.  */
| 
| /* Override any GCC internal prototype to avoid an error.
|    Use char because int might match the return type of a GCC
|    builtin and then its argument prototype would still apply.  */
| #ifdef __cplusplus
| extern "C"
| #endif
| char bfd_init ();
| int
| main ()
| {
| return bfd_init ();
|   ;
|   return 0;
| }
configure:16694: result: no
configure:16700: checking for readline in -lreadline
configure:16725: gcc -std=gnu99 -o conftest -g -O2   conftest.c -lreadline   >&5
configure:16725: $? = 0
configure:16734: result: yes
configure:16742: checking if bfd_error_handler_type is printf style
conftest.c:23:17: fatal error: bfd.h: No such file or directory
 #include <bfd.h>
                 ^
compilation terminated.
configure:16773: result: no
configure:16913: checking that generated files are newer than configure
configure:16919: result: done
configure:16966: creating ./config.status

## ---------------------- ##
## Running config.status. ##
## ---------------------- ##

This file was extended by libmemleak config.status 0.1.1, which was
generated by GNU Autoconf 2.69.  Invocation command line was

  CONFIG_FILES    = 
  CONFIG_HEADERS  = 
  CONFIG_LINKS    = 
  CONFIG_COMMANDS = 
  $ ./config.status 

on ATLENG019

config.status:1193: creating doc/Makefile
config.status:1193: creating doc/doxygen.config
config.status:1193: creating doc/html.header
config.status:1193: creating doc/html.footer
config.status:1193: creating libmemleak.pc
config.status:1193: creating src/Makefile
config.status:1193: creating src/rb_tree/Makefile
config.status:1193: creating src/include/Makefile
config.status:1193: creating Makefile
config.status:1193: creating config.h
config.status:1422: executing depfiles commands
config.status:1499: cd src       && sed -e '/# am--include-marker/d' Makefile         | make -f - am--depfiles
config.status:1504: $? = 0
config.status:1499: cd src/rb_tree       && sed -e '/# am--include-marker/d' Makefile         | make -f - am--depfiles
config.status:1504: $? = 0
config.status:1422: executing libtool commands

## ---------------- ##
## Cache variables. ##
## ---------------- ##

ac_cv_build=x86_64-pc-linux-gnu
ac_cv_c_compiler_gnu=yes
ac_cv_cxx_compiler_gnu=yes
ac_cv_env_CCC_set=
ac_cv_env_CCC_value=
ac_cv_env_CC_set=
ac_cv_env_CC_value=
ac_cv_env_CFLAGS_set=
ac_cv_env_CFLAGS_value=
ac_cv_env_CPPFLAGS_set=
ac_cv_env_CPPFLAGS_value=
ac_cv_env_CPP_set=
ac_cv_env_CPP_value=
ac_cv_env_CXXCPP_set=
ac_cv_env_CXXCPP_value=
ac_cv_env_CXXFLAGS_set=
ac_cv_env_CXXFLAGS_value=
ac_cv_env_CXX_set=
ac_cv_env_CXX_value=
ac_cv_env_LDFLAGS_set=
ac_cv_env_LDFLAGS_value=
ac_cv_env_LIBS_set=
ac_cv_env_LIBS_value=
ac_cv_env_LT_SYS_LIBRARY_PATH_set=
ac_cv_env_LT_SYS_LIBRARY_PATH_value=
ac_cv_env_build_alias_set=
ac_cv_env_build_alias_value=
ac_cv_env_host_alias_set=
ac_cv_env_host_alias_value=
ac_cv_env_target_alias_set=
ac_cv_env_target_alias_value=
ac_cv_header_dlfcn_h=yes
ac_cv_header_inttypes_h=yes
ac_cv_header_memory_h=yes
ac_cv_header_stdc=yes
ac_cv_header_stdint_h=yes
ac_cv_header_stdlib_h=yes
ac_cv_header_string_h=yes
ac_cv_header_strings_h=yes
ac_cv_header_sys_stat_h=yes
ac_cv_header_sys_types_h=yes
ac_cv_header_unistd_h=yes
ac_cv_host=x86_64-pc-linux-gnu
ac_cv_lib_bfd_bfd_init=no
ac_cv_lib_readline_readline=yes
ac_cv_objext=o
ac_cv_path_DOXYGEN_DOT=/usr/bin/dot
ac_cv_path_EGREP='/bin/grep -E'
ac_cv_path_FGREP='/bin/grep -F'
ac_cv_path_GREP=/bin/grep
ac_cv_path_SED=/bin/sed
ac_cv_path_install='/usr/bin/install -c'
ac_cv_path_lt_DD=/bin/dd
ac_cv_path_mkdir=/bin/mkdir
ac_cv_prog_AWK=gawk
ac_cv_prog_CPP='gcc -std=gnu99 -E'
ac_cv_prog_CXXCPP='g++ -E'
ac_cv_prog_ac_ct_AR=ar
ac_cv_prog_ac_ct_CC=gcc
ac_cv_prog_ac_ct_CXX=g++
ac_cv_prog_ac_ct_MANIFEST_TOOL=mt
ac_cv_prog_ac_ct_OBJDUMP=objdump
ac_cv_prog_ac_ct_RANLIB=ranlib
ac_cv_prog_ac_ct_STRIP=strip
ac_cv_prog_cc_c89=
ac_cv_prog_cc_c99=-std=gnu99
ac_cv_prog_cc_g=yes
ac_cv_prog_cxx_g=yes
ac_cv_prog_make_make_set=yes
am_cv_CC_dependencies_compiler_type=gcc3
am_cv_CXX_dependencies_compiler_type=gcc3
am_cv_make_support_nested_variables=yes
am_cv_prog_cc_c_o=yes
cw_cv_type_bfd_error_handler_type=no
lt_cv_ar_at_file=@
lt_cv_archive_cmds_need_lc=no
lt_cv_deplibs_check_method=pass_all
lt_cv_file_magic_cmd='$MAGIC_CMD'
lt_cv_file_magic_test_file=
lt_cv_ld_reload_flag=-r
lt_cv_nm_interface='BSD nm'
lt_cv_objdir=.libs
lt_cv_path_LD=/usr/bin/ld
lt_cv_path_LDCXX='/usr/bin/ld -m elf_x86_64'
lt_cv_path_NM='/usr/bin/nm -B'
lt_cv_path_mainfest_tool=no
lt_cv_prog_compiler_c_o=yes
lt_cv_prog_compiler_c_o_CXX=yes
lt_cv_prog_compiler_pic='-fPIC -DPIC'
lt_cv_prog_compiler_pic_CXX='-fPIC -DPIC'
lt_cv_prog_compiler_pic_works=yes
lt_cv_prog_compiler_pic_works_CXX=yes
lt_cv_prog_compiler_rtti_exceptions=no
lt_cv_prog_compiler_static_works=yes
lt_cv_prog_compiler_static_works_CXX=yes
lt_cv_prog_gnu_ld=yes
lt_cv_prog_gnu_ldcxx=yes
lt_cv_sharedlib_from_linklib_cmd='printf %s\n'
lt_cv_shlibpath_overrides_runpath=yes
lt_cv_sys_global_symbol_pipe='sed -n -e '\''s/^.*[	 ]\([ABCDGIRSTW][ABCDGIRSTW]*\)[	 ][	 ]*\([_A-Za-z][_A-Za-z0-9]*\)$/\1 \2 \2/p'\'' | sed '\''/ __gnu_lto/d'\'''
lt_cv_sys_global_symbol_to_c_name_address='sed -n -e '\''s/^: \(.*\) .*$/  {"\1", (void *) 0},/p'\'' -e '\''s/^[ABCDGIRSTW][ABCDGIRSTW]* .* \(.*\)$/  {"\1", (void *) \&\1},/p'\'''
lt_cv_sys_global_symbol_to_c_name_address_lib_prefix='sed -n -e '\''s/^: \(.*\) .*$/  {"\1", (void *) 0},/p'\'' -e '\''s/^[ABCDGIRSTW][ABCDGIRSTW]* .* \(lib.*\)$/  {"\1", (void *) \&\1},/p'\'' -e '\''s/^[ABCDGIRSTW][ABCDGIRSTW]* .* \(.*\)$/  {"lib\1", (void *) \&\1},/p'\'''
lt_cv_sys_global_symbol_to_cdecl='sed -n -e '\''s/^T .* \(.*\)$/extern int \1();/p'\'' -e '\''s/^[ABCDGIRSTW][ABCDGIRSTW]* .* \(.*\)$/extern char \1;/p'\'''
lt_cv_sys_global_symbol_to_import=
lt_cv_sys_max_cmd_len=1572864
lt_cv_to_host_file_cmd=func_convert_file_noop
lt_cv_to_tool_file_cmd=func_convert_file_noop
lt_cv_truncate_bin='/bin/dd bs=4096 count=1'

## ----------------- ##
## Output variables. ##
## ----------------- ##

ACLOCAL='${SHELL} /home/mozgul/projects/third/tools/libmemleak/missing aclocal-1.16'
AMDEPBACKSLASH='\'
AMDEP_FALSE='#'
AMDEP_TRUE=''
AMTAR='$${TAR-tar}'
AM_BACKSLASH='\'
AM_DEFAULT_V='$(AM_DEFAULT_VERBOSITY)'
AM_DEFAULT_VERBOSITY='1'
AM_V='$(V)'
AR='ar'
ARFLAGS='cruU'
AR_FLAGS='cruU'
AUTOCONF='${SHELL} /home/mozgul/projects/third/tools/libmemleak/missing autoconf'
AUTOHEADER='${SHELL} /home/mozgul/projects/third/tools/libmemleak/missing autoheader'
AUTOMAKE='${SHELL} /home/mozgul/projects/third/tools/libmemleak/missing automake-1.16'
AWK='gawk'
CC='gcc -std=gnu99'
CCDEPMODE='depmode=gcc3'
CFLAGS='-g -O2'
CPP='gcc -std=gnu99 -E'
CPPFLAGS=''
CWD_FLAGS=''
CWD_LIBS=''
CWD_R_FLAGS=''
CWD_R_LIBS=''
CW_DEBUG_FLAGS=' -g'
CW_NON_THREADED_FALSE=''
CW_NON_THREADED_TRUE='#'
CW_OPTIMIZE_FLAGS=' -O2'
CW_STRIPPED_CXXFLAGS=''
CW_SUBDIRS=''
CW_THREADED_FALSE='#'
CW_THREADED_TRUE=''
CW_WARNING_FLAGS=''
CXX='g++'
CXXCPP='g++ -E'
CXXDEPMODE='depmode=gcc3'
CXXFLAGS='-g -O2'
CYGPATH_W='echo'
DEFS='-DHAVE_CONFIG_H'
DEPDIR='.deps'
DLLTOOL='false'
DOXYGEN_CWDEBUG=''
DOXYGEN_DEBUG=''
DOXYGEN_DOT='/usr/bin/dot'
DOXYGEN_STRIP_FROM_PATH='/home/mozgul/projects/third/tools/libmemleak'
DSYMUTIL=''
DUMPBIN=''
ECHO_C=''
ECHO_N='-n'
ECHO_T=''
EGREP='/bin/grep -E'
EXEEXT=''
FGREP='/bin/grep -F'
GREP='/bin/grep'
HAVE_DOT='YES'
INSTALL_DATA='${INSTALL} -m 644'
INSTALL_PROGRAM='${INSTALL}'
INSTALL_SCRIPT='${INSTALL}'
INSTALL_STRIP_PROGRAM='$(install_sh) -c -s'
LD='/usr/bin/ld -m elf_x86_64'
LDFLAGS=''
LIBBFD=''
LIBCWD_FLAGS=''
LIBCWD_LIBS=''
LIBCWD_R_FLAGS='-pthread'
LIBCWD_R_LIBS=''
LIBCWD_USED_FALSE=''
LIBCWD_USED_TRUE='#'
LIBOBJS=''
LIBREADLINE='-lreadline'
LIBS=''
LIBTOOL='$(SHELL) $(top_builddir)/libtool'
LIPO=''
LN_S='ln -s'
LTLIBOBJS=''
LT_SYS_LIBRARY_PATH=''
MAINT='#'
MAINTAINER_MODE_FALSE=''
MAINTAINER_MODE_TRUE='#'
MAKEINFO='${SHELL} /home/mozgul/projects/third/tools/libmemleak/missing makeinfo'
MANIFEST_TOOL=':'
MKDIR_P='/bin/mkdir -p'
NM='/usr/bin/nm -B'
NMEDIT=''
OBJDUMP='objdump'
OBJEXT='o'
OTOOL64=''
OTOOL=''
OUTPUT_DIRECTORY='.'
PACKAGE='libmemleak'
PACKAGE_BUGREPORT='carlo@alinoe.com'
PACKAGE_NAME='libmemleak'
PACKAGE_STRING='libmemleak 0.1.1'
PACKAGE_TARNAME='libmemleak'
PACKAGE_URL=''
PACKAGE_VERSION='0.1.1'
PATH_SEPARATOR=':'
PCCFLAGS=''
RANLIB='ranlib'
REAL_MAINTAINER_FALSE=''
REAL_MAINTAINER_TRUE='#'
SED='/bin/sed'
SET_MAKE=''
SHELL='/bin/bash'
STRIP='strip'
USE_LIBCWD='no'
VERSION='0.1.1'
VERSIONINFO='0:2:0'
ac_ct_AR='ar'
ac_ct_CC='gcc'
ac_ct_CXX='g++'
ac_ct_DUMPBIN=''
am__EXEEXT_FALSE=''
am__EXEEXT_TRUE='#'
am__fastdepCC_FALSE='#'
am__fastdepCC_TRUE=''
am__fastdepCXX_FALSE='#'
am__fastdepCXX_TRUE=''
am__include='include'
am__isrc=''
am__leading_dot='.'
am__nodep='_no'
am__quote=''
am__tar='$${TAR-tar} chof - "$$tardir"'
am__untar='$${TAR-tar} xf -'
bindir='${exec_prefix}/bin'
build='x86_64-pc-linux-gnu'
build_alias=''
build_cpu='x86_64'
build_os='linux-gnu'
build_vendor='pc'
datadir='${datarootdir}'
datarootdir='${prefix}/share'
docdir='${datarootdir}/doc/${PACKAGE_TARNAME}'
dvidir='${docdir}'
exec_prefix='${prefix}'
host='x86_64-pc-linux-gnu'
host_alias=''
host_cpu='x86_64'
host_os='linux-gnu'
host_vendor='pc'
htmldir='${docdir}'
includedir='${prefix}/include'
infodir='${datarootdir}/info'
install_sh='${SHELL} /home/mozgul/projects/third/tools/libmemleak/install-sh'
libdir='${exec_prefix}/lib'
libexecdir='${exec_prefix}/libexec'
localedir='${datarootdir}/locale'
localstatedir='${prefix}/var'
mandir='${datarootdir}/man'
mkdir_p='$(MKDIR_P)'
oldincludedir='/usr/include'
pdfdir='${docdir}'
prefix='/usr/local'
program_transform_name='s,x,x,'
psdir='${docdir}'
runstatedir='${localstatedir}/run'
sbindir='${exec_prefix}/sbin'
sharedstatedir='${prefix}/com'
sysconfdir='${prefix}/etc'
target_alias=''

## ----------- ##
## confdefs.h. ##
## ----------- ##

/* confdefs.h */
#define PACKAGE_NAME "libmemleak"
#define PACKAGE_TARNAME "libmemleak"
#define PACKAGE_VERSION "0.1.1"
#define PACKAGE_STRING "libmemleak 0.1.1"
#define PACKAGE_BUGREPORT "carlo@alinoe.com"
#define PACKAGE_URL ""
#define PACKAGE "libmemleak"
#define VERSION "0.1.1"
#define STDC_HEADERS 1
#define HAVE_SYS_TYPES_H 1
#define HAVE_SYS_STAT_H 1
#define HAVE_STDLIB_H 1
#define HAVE_STRING_H 1
#define HAVE_MEMORY_H 1
#define HAVE_STRINGS_H 1
#define HAVE_INTTYPES_H 1
#define HAVE_STDINT_H 1
#define HAVE_UNISTD_H 1
#define HAVE_DLFCN_H 1
#define LT_OBJDIR ".libs/"
#define HAVE_PRINTF_STYLE_BFD_ERROR_HANDLER_TYPE 0

configure: exit 0
